TN:
SF:src/app.ts
FNF:0
FNH:0
DA:7,6
DA:8,6
DA:9,6
DA:11,6
DA:12,6
LF:5
LH:5
BRF:0
BRH:0
end_of_record
TN:
SF:src/database.ts
FNF:0
FNH:0
DA:3,6
DA:4,6
LF:2
LH:2
BRF:0
BRH:0
end_of_record
TN:
SF:src/controllers/recommendationController.ts
FN:6,insert
FN:17,upvote
FN:25,downvote
FN:33,random
FN:39,get
FN:44,getTop
FN:51,getById
FNF:7
FNH:7
FNDA:13,insert
FNDA:12,upvote
FNDA:11,downvote
FNDA:2,random
FNDA:1,get
FNDA:2,getTop
FNDA:2,getById
DA:7,13
DA:8,13
DA:9,1
DA:12,12
DA:14,11
DA:18,12
DA:20,12
DA:22,11
DA:26,11
DA:28,11
DA:30,9
DA:34,2
DA:36,1
DA:40,1
DA:41,1
DA:45,2
DA:47,2
DA:48,2
DA:52,2
DA:54,2
DA:55,1
DA:58,6
LF:22
LH:22
BRDA:8,0,0,1
BRF:1
BRH:1
end_of_record
TN:
SF:src/middlewares/errorHandlerMiddleware.ts
FN:8,errorHandlerMiddleware
FNF:1
FNH:1
FNDA:7,errorHandlerMiddleware
DA:14,7
DA:16,7
DA:17,7
DA:20,0
LF:4
LH:3
BRDA:16,0,0,7
BRF:1
BRH:1
end_of_record
TN:
SF:src/repositories/recommendationRepository.ts
FN:5,create
FN:16,findAll
FN:26,getAmountByScore
FN:33,getFindAllFilter
FN:45,find
FN:51,findByName
FN:57,updateScore
FN:66,remove
FNF:8
FNH:8
FNDA:11,create
FNDA:4,findAll
FNDA:2,getAmountByScore
FNDA:4,getFindAllFilter
FNDA:25,find
FNDA:12,findByName
FNDA:20,updateScore
FNDA:1,remove
DA:6,11
DA:17,4
DA:19,4
DA:27,2
DA:36,4
DA:38,2
DA:40,2
DA:46,25
DA:52,12
DA:58,20
DA:67,1
DA:72,6
LF:12
LH:12
BRDA:36,0,0,2
BRF:1
BRH:1
end_of_record
TN:
SF:src/routers/recommendationRouter.ts
FNF:0
FNH:0
DA:4,6
DA:6,6
DA:7,6
DA:8,6
DA:9,6
DA:10,6
DA:11,6
DA:12,6
LF:8
LH:8
BRF:0
BRH:0
end_of_record
TN:
SF:src/schemas/recommendationsSchemas.ts
FNF:0
FNH:0
DA:4,6
DA:6,6
LF:2
LH:2
BRF:0
BRH:0
end_of_record
TN:
SF:src/services/recommendationsService.ts
FN:7,insert
FN:15,upvote
FN:21,downvote
FN:34,getByIdOrFail
FN:41,get
FN:45,getTop
FN:49,getRandom
FN:62,getByScore
FN:75,getScoreFilter
FNF:9
FNH:9
FNDA:12,insert
FNDA:12,upvote
FNDA:11,downvote
FNDA:25,getByIdOrFail
FNDA:1,get
FNDA:2,getTop
FNDA:2,getRandom
FNDA:2,getByScore
FNDA:2,getScoreFilter
DA:9,12
DA:10,12
DA:12,11
DA:16,12
DA:18,11
DA:22,11
DA:24,9
DA:29,9
DA:30,1
DA:35,25
DA:36,25
DA:38,21
DA:42,1
DA:46,2
DA:50,2
DA:51,2
DA:53,2
DA:54,2
DA:55,1
DA:58,1
DA:59,1
DA:63,2
DA:68,2
DA:69,1
DA:72,1
DA:76,2
DA:77,0
DA:80,2
DA:83,6
LF:29
LH:28
BRDA:10,0,0,1
BRDA:29,1,0,1
BRDA:36,2,0,4
BRDA:54,3,0,1
BRDA:68,4,0,1
BRDA:76,5,0,0
BRF:6
BRH:5
end_of_record
TN:
SF:src/utils/errorUtils.ts
FN:7,isAppError
FN:11,errorTypeToStatusCode
FN:19,conflictError
FN:23,notFoundError
FN:27,unauthorizedError
FN:31,wrongSchemaError
FNF:6
FNH:5
FNDA:7,isAppError
FNDA:7,errorTypeToStatusCode
FNDA:1,conflictError
FNDA:5,notFoundError
FNDA:0,unauthorizedError
FNDA:1,wrongSchemaError
DA:8,7
DA:12,7
DA:13,6
DA:14,1
DA:15,1
DA:16,0
DA:20,1
DA:24,5
DA:28,0
DA:32,1
LF:10
LH:8
BRDA:12,0,0,1
BRDA:13,1,0,5
BRDA:14,2,0,0
BRDA:15,3,0,1
BRDA:20,4,0,1
BRDA:20,4,1,0
BRDA:20,5,0,1
BRDA:20,5,1,1
BRDA:24,6,0,0
BRDA:24,6,1,5
BRDA:24,7,0,5
BRDA:24,7,1,5
BRDA:28,8,0,0
BRDA:28,8,1,0
BRDA:28,9,0,0
BRDA:28,9,1,0
BRDA:32,10,0,0
BRDA:32,10,1,1
BRDA:32,11,0,1
BRDA:32,11,1,1
BRF:20
BRH:12
end_of_record
TN:
SF:tests/factories/createSongFactory.ts
FN:3,createSongFactory
FNF:1
FNH:1
FNDA:12,createSongFactory
DA:4,12
DA:9,12
LF:2
LH:2
BRF:0
BRH:0
end_of_record
